SF:lib\app\core\network\dio_client.dart
DA:7,0
DA:9,1
DA:11,0
DA:12,0
DA:13,0
DA:17,0
DA:21,0
DA:23,0
DA:26,1
DA:31,2
DA:34,1
DA:40,2
DA:48,1
DA:54,2
DA:57,1
DA:63,2
LF:16
LH:9
end_of_record
SF:lib\app\data\models\order_model.dart
DA:10,2
DA:18,2
DA:19,2
DA:20,4
DA:21,4
DA:22,2
DA:23,2
DA:24,2
DA:28,0
DA:29,0
DA:30,0
DA:31,0
DA:32,0
DA:33,0
LF:14
LH:8
end_of_record
SF:lib\app\data\models\pet_model.dart
DA:14,2
DA:23,2
DA:24,2
DA:25,2
DA:26,2
DA:27,4
DA:28,2
DA:30,2
DA:32,0
DA:34,2
DA:36,0
DA:37,0
DA:38,0
DA:39,2
DA:40,2
DA:42,2
DA:43,0
DA:44,2
DA:48,0
DA:49,0
DA:50,0
DA:51,0
DA:52,0
DA:53,0
DA:54,0
LF:25
LH:13
end_of_record
SF:lib\app\data\sources\pets_remote_source.dart
DA:9,2
DA:10,2
DA:11,2
DA:12,4
DA:13,2
DA:14,8
DA:17,2
DA:18,2
DA:19,4
DA:20,2
DA:21,8
DA:24,2
DA:25,4
DA:26,4
DA:28,4
DA:31,2
DA:32,4
DA:34,4
DA:37,2
DA:38,4
DA:40,4
DA:43,2
DA:44,4
DA:45,4
DA:46,2
DA:48,2
DA:53,2
DA:54,4
DA:56,4
LF:29
LH:29
end_of_record
SF:lib\app\data\models\category_model.dart
DA:6,0
DA:8,0
DA:9,0
DA:11,0
LF:4
LH:0
end_of_record
SF:lib\app\domain\entities\category.dart
DA:4,0
LF:1
LH:0
end_of_record
SF:lib\app\domain\entities\order.dart
DA:8,0
LF:1
LH:0
end_of_record
SF:lib\app\data\models\tag_model.dart
DA:6,0
DA:8,0
DA:9,0
DA:11,0
LF:4
LH:0
end_of_record
SF:lib\app\domain\entities\pets.dart
DA:14,0
LF:1
LH:0
end_of_record
SF:lib\app\domain\entities\tags.dart
DA:4,0
LF:1
LH:0
end_of_record
SF:lib\app\domain\usecases\delete_pet_usecase.dart
DA:6,1
DA:8,3
LF:2
LH:2
end_of_record
SF:lib\app\domain\usecases\get_pets_usecase.dart
DA:8,1
DA:10,3
LF:2
LH:2
end_of_record
SF:lib\app\presentation\web\home\controllers\home_controller.dart
DA:12,1
DA:15,3
DA:20,3
DA:22,1
DA:24,1
DA:25,2
DA:26,1
DA:29,1
DA:30,1
DA:33,1
DA:35,2
DA:37,4
DA:39,5
DA:41,2
DA:43,3
DA:45,2
DA:49,1
DA:51,2
DA:53,2
DA:55,3
DA:57,2
LF:21
LH:21
end_of_record
SF:lib\app\domain\usecases\add_pet_usecase.dart
DA:7,1
DA:9,3
LF:2
LH:2
end_of_record
SF:lib\app\domain\usecases\edit_pet_usecase.dart
DA:7,1
DA:9,3
LF:2
LH:2
end_of_record
SF:lib\app\domain\usecases\get_pet_by_tag_usecase.dart
DA:8,1
DA:10,3
LF:2
LH:2
end_of_record
SF:lib\app\domain\usecases\get_pet_detail_usecase.dart
DA:8,1
DA:10,3
LF:2
LH:2
end_of_record
SF:lib\app\domain\usecases\order_pet_usecase.dart
DA:7,1
DA:9,3
LF:2
LH:2
end_of_record
SF:lib\app\presentation\mobile\order\controllers\order_controller.dart
DA:13,1
DA:16,3
DA:21,3
DA:24,3
DA:27,3
DA:29,3
DA:31,1
DA:33,1
DA:34,4
DA:35,5
DA:36,1
DA:40,1
DA:42,1
DA:43,1
DA:44,2
DA:45,1
DA:46,1
DA:47,1
DA:48,3
DA:50,2
DA:51,3
DA:52,3
DA:54,4
DA:56,4
DA:58,3
DA:60,2
LF:26
LH:26
end_of_record
SF:lib\app\presentation\mobile\pet_list\controllers\pet_list_controller.dart
DA:17,1
DA:24,3
DA:29,3
DA:32,3
DA:35,2
DA:37,1
DA:39,1
DA:40,2
DA:41,1
DA:44,1
DA:45,1
DA:46,1
DA:49,1
DA:51,2
DA:53,4
DA:55,5
DA:57,4
DA:59,3
DA:61,2
DA:65,1
DA:66,3
DA:67,2
DA:68,2
DA:69,3
DA:74,1
DA:76,2
DA:78,5
DA:80,4
DA:82,2
DA:84,3
DA:86,2
LF:31
LH:31
end_of_record
SF:lib\app\presentation\web\pet_info\controllers\pet_info_controller.dart
DA:17,1
DA:24,3
DA:27,3
DA:30,3
DA:32,3
DA:39,3
DA:43,3
DA:48,0
DA:50,0
DA:51,0
DA:54,1
DA:55,4
DA:56,3
DA:57,4
DA:58,2
DA:59,1
DA:60,3
DA:61,2
DA:63,1
DA:67,1
DA:68,4
DA:69,5
DA:70,9
DA:71,8
DA:72,4
DA:73,2
DA:74,9
DA:78,1
DA:80,2
DA:82,4
DA:84,5
DA:86,3
DA:88,2
DA:92,1
DA:94,2
DA:95,1
DA:97,1
DA:98,1
DA:99,2
DA:100,4
DA:102,2
DA:103,1
DA:104,4
DA:105,1
DA:106,2
DA:109,4
DA:111,3
DA:113,2
DA:117,1
DA:119,2
DA:120,1
DA:122,1
DA:123,1
DA:124,2
DA:125,4
DA:127,2
DA:128,1
DA:129,4
DA:130,1
DA:131,2
DA:134,4
DA:136,3
DA:138,2
LF:63
LH:60
end_of_record
